<?xml version="1.0" encoding="UTF-8"?>
<!-- Generated by org.testng.reporters.JUnitReportReporter -->
<testsuite ignored="0" hostname="DESKTOP-QPU81PP" failures="0" tests="2" name="Inlink.Collab_CompletedTab" time="31.937" errors="1" timestamp="10 Jul 2023 10:49:05 GMT" skipped="0">
  <testcase classname="Inlink.Collab_CompletedTab" name="login" time="10.011"/>
  <testcase classname="Inlink.Collab_CompletedTab" name="collaboration_Completed" time="21.926">
    <error message="Cached elements &#039;By.xpath: /hierarchy/android.widget.FrameLayout/android.widget.LinearLayout/android.widget.FrameLayout/android.widget.FrameLayout/android.widget.FrameLayout/android.widget.FrameLayout/android.view.ViewGroup/android.widget.FrameLayout/android.widget.RelativeLayout/android.widget.LinearLayout/android.widget.ScrollView/android.widget.LinearLayout/androidx.recyclerview.widget.RecyclerView/android.widget.LinearLayout[2]/android.widget.RelativeLayout&#039; do not exist in DOM anymore
For documentation on this error, please visit: http://seleniumhq.org/exceptions/stale_element_reference.html
Build info: version: &#039;3.12.0&#039;, revision: &#039;7c6e0b3&#039;, time: &#039;2018-05-08T14:04:26.12Z&#039;
System info: host: &#039;DESKTOP-QPU81PP&#039;, ip: &#039;172.16.16.104&#039;, os.name: &#039;Windows 11&#039;, os.arch: &#039;amd64&#039;, os.version: &#039;10.0&#039;, java.version: &#039;20.0.1&#039;
Driver info: io.appium.java_client.android.AndroidDriver
Capabilities {app: C:/Users/admin/Downloads/In..., appPackage: com.peoplelink.inlink, appiumVersion: 1.15.1, chromeoptions: {w3c: false}, databaseEnabled: false, desired: {app: C:/Users/admin/Downloads/In..., appPackage: com.peoplelink.inlink, appiumVersion: 1.15.1, chromeoptions: {w3c: false}, deviceName: vivo V2143, fullReset: false, noReset: true, platformName: android, platformVersion: 13, waitForIdleTimeout: 0}, deviceApiLevel: 33, deviceManufacturer: vivo, deviceModel: V2143, deviceName: 15935604700009X, deviceScreenDensity: 440, deviceScreenSize: 1080x2408, deviceUDID: 15935604700009X, fullReset: false, javascriptEnabled: true, locationContextEnabled: false, networkConnectionEnabled: true, noReset: true, pixelRatio: 2.75, platform: LINUX, platformName: Android, platformVersion: 13, statBarHeight: 88, takesScreenshot: true, viewportRect: {height: 2188, left: 0, top: 88, width: 1080}, waitForIdleTimeout: 0, warnings: {}, webStorageEnabled: false}
Session ID: 8d27cd1a-9fb0-49f1-8c9d-f200dc1baf80" type="org.openqa.selenium.StaleElementReferenceException">
      <![CDATA[org.openqa.selenium.StaleElementReferenceException: Cached elements 'By.xpath: /hierarchy/android.widget.FrameLayout/android.widget.LinearLayout/android.widget.FrameLayout/android.widget.FrameLayout/android.widget.FrameLayout/android.widget.FrameLayout/android.view.ViewGroup/android.widget.FrameLayout/android.widget.RelativeLayout/android.widget.LinearLayout/android.widget.ScrollView/android.widget.LinearLayout/androidx.recyclerview.widget.RecyclerView/android.widget.LinearLayout[2]/android.widget.RelativeLayout' do not exist in DOM anymore
For documentation on this error, please visit: http://seleniumhq.org/exceptions/stale_element_reference.html
Build info: version: '3.12.0', revision: '7c6e0b3', time: '2018-05-08T14:04:26.12Z'
System info: host: 'DESKTOP-QPU81PP', ip: '172.16.16.104', os.name: 'Windows 11', os.arch: 'amd64', os.version: '10.0', java.version: '20.0.1'
Driver info: io.appium.java_client.android.AndroidDriver
Capabilities {app: C:/Users/admin/Downloads/In..., appPackage: com.peoplelink.inlink, appiumVersion: 1.15.1, chromeoptions: {w3c: false}, databaseEnabled: false, desired: {app: C:/Users/admin/Downloads/In..., appPackage: com.peoplelink.inlink, appiumVersion: 1.15.1, chromeoptions: {w3c: false}, deviceName: vivo V2143, fullReset: false, noReset: true, platformName: android, platformVersion: 13, waitForIdleTimeout: 0}, deviceApiLevel: 33, deviceManufacturer: vivo, deviceModel: V2143, deviceName: 15935604700009X, deviceScreenDensity: 440, deviceScreenSize: 1080x2408, deviceUDID: 15935604700009X, fullReset: false, javascriptEnabled: true, locationContextEnabled: false, networkConnectionEnabled: true, noReset: true, pixelRatio: 2.75, platform: LINUX, platformName: Android, platformVersion: 13, statBarHeight: 88, takesScreenshot: true, viewportRect: {height: 2188, left: 0, top: 88, width: 1080}, waitForIdleTimeout: 0, warnings: {}, webStorageEnabled: false}
Session ID: 8d27cd1a-9fb0-49f1-8c9d-f200dc1baf80
	at java.base/jdk.internal.reflect.DirectConstructorHandleAccessor.newInstance(DirectConstructorHandleAccessor.java:67)
	at java.base/java.lang.reflect.Constructor.newInstanceWithCaller(Constructor.java:500)
	at java.base/java.lang.reflect.Constructor.newInstance(Constructor.java:484)
	at org.openqa.selenium.remote.http.W3CHttpResponseCodec.createException(W3CHttpResponseCodec.java:187)
	at org.openqa.selenium.remote.http.W3CHttpResponseCodec.decode(W3CHttpResponseCodec.java:122)
	at org.openqa.selenium.remote.http.W3CHttpResponseCodec.decode(W3CHttpResponseCodec.java:49)
	at org.openqa.selenium.remote.HttpCommandExecutor.execute(HttpCommandExecutor.java:158)
	at io.appium.java_client.remote.AppiumCommandExecutor.execute(AppiumCommandExecutor.java:231)
	at org.openqa.selenium.remote.RemoteWebDriver.execute(RemoteWebDriver.java:543)
	at io.appium.java_client.DefaultGenericMobileDriver.execute(DefaultGenericMobileDriver.java:42)
	at io.appium.java_client.AppiumDriver.execute(AppiumDriver.java:1)
	at io.appium.java_client.android.AndroidDriver.execute(AndroidDriver.java:1)
	at org.openqa.selenium.remote.RemoteWebElement.execute(RemoteWebElement.java:276)
	at io.appium.java_client.DefaultGenericMobileElement.execute(DefaultGenericMobileElement.java:45)
	at io.appium.java_client.MobileElement.execute(MobileElement.java:1)
	at io.appium.java_client.android.AndroidElement.execute(AndroidElement.java:1)
	at org.openqa.selenium.remote.RemoteWebElement.click(RemoteWebElement.java:83)
	at Inlink.Collab_CompletedTab.collaboration_Completed(Collab_CompletedTab.java:59)
	at java.base/jdk.internal.reflect.DirectMethodHandleAccessor.invoke(DirectMethodHandleAccessor.java:104)
	at java.base/java.lang.reflect.Method.invoke(Method.java:578)
	at org.testng.internal.MethodInvocationHelper.invokeMethod(MethodInvocationHelper.java:104)
	at org.testng.internal.Invoker.invokeMethod(Invoker.java:645)
	at org.testng.internal.Invoker.invokeTestMethod(Invoker.java:851)
	at org.testng.internal.Invoker.invokeTestMethods(Invoker.java:1177)
	at org.testng.internal.TestMethodWorker.invokeTestMethods(TestMethodWorker.java:129)
	at org.testng.internal.TestMethodWorker.run(TestMethodWorker.java:112)
	at org.testng.TestRunner.privateRun(TestRunner.java:756)
	at org.testng.TestRunner.run(TestRunner.java:610)
	at org.testng.SuiteRunner.runTest(SuiteRunner.java:387)
	at org.testng.SuiteRunner.runSequentially(SuiteRunner.java:382)
	at org.testng.SuiteRunner.privateRun(SuiteRunner.java:340)
	at org.testng.SuiteRunner.run(SuiteRunner.java:289)
	at org.testng.SuiteRunnerWorker.runSuite(SuiteRunnerWorker.java:52)
	at org.testng.SuiteRunnerWorker.run(SuiteRunnerWorker.java:86)
	at org.testng.TestNG.runSuitesSequentially(TestNG.java:1293)
	at org.testng.TestNG.runSuitesLocally(TestNG.java:1218)
	at org.testng.TestNG.runSuites(TestNG.java:1133)
	at org.testng.TestNG.run(TestNG.java:1104)
	at org.testng.remote.AbstractRemoteTestNG.run(AbstractRemoteTestNG.java:115)
	at org.testng.remote.RemoteTestNG.initAndRun(RemoteTestNG.java:251)
	at org.testng.remote.RemoteTestNG.main(RemoteTestNG.java:77)
]]>
    </error>
  </testcase> <!-- collaboration_Completed -->
</testsuite> <!-- Inlink.Collab_CompletedTab -->
